Lmod has detected the following error: The following module(s) are unknown:
"cuda/12.8"

Please check the spelling or version number. Also try "module spider ..."
It is also possible your cache file is out-of-date; it may help to try:
  $ module --ignore_cache load "cuda/12.8"

Also make sure that all modulefiles written in TCL start with the string
#%Module



Lmod has detected the following error: The following module(s) are unknown:
"python/3.11"

Please check the spelling or version number. Also try "module spider ..."
It is also possible your cache file is out-of-date; it may help to try:
  $ module --ignore_cache load "python/3.11"

Also make sure that all modulefiles written in TCL start with the string
#%Module



/var/spool/slurmd/job2434685/slurm_script: line 26: /home/tu/tu_tu/tu_zxoqp65/work/CICL-Humour-Generation-HB/.venv/bin/activate: No such file or directory
Traceback (most recent call last):
  File "/pfs/data6/home/tu/tu_tu/tu_zxoqp65/work/CICL-Humour-Generation-HB/src/.venv/bin/accelerate", line 10, in <module>
    sys.exit(main())
             ~~~~^^
  File "/pfs/data6/home/tu/tu_tu/tu_zxoqp65/work/CICL-Humour-Generation-HB/src/.venv/lib/python3.14/site-packages/accelerate/commands/accelerate_cli.py", line 50, in main
    args.func(args)
    ~~~~~~~~~^^^^^^
  File "/pfs/data6/home/tu/tu_tu/tu_zxoqp65/work/CICL-Humour-Generation-HB/src/.venv/lib/python3.14/site-packages/accelerate/commands/launch.py", line 1266, in launch_command
    deepspeed_launcher(args)
    ~~~~~~~~~~~~~~~~~~^^^^^^
  File "/pfs/data6/home/tu/tu_tu/tu_zxoqp65/work/CICL-Humour-Generation-HB/src/.venv/lib/python3.14/site-packages/accelerate/commands/launch.py", line 915, in deepspeed_launcher
    from deepspeed.launcher.runner import DEEPSPEED_ENVIRONMENT_NAME
  File "/pfs/data6/home/tu/tu_tu/tu_zxoqp65/work/CICL-Humour-Generation-HB/src/.venv/lib/python3.14/site-packages/deepspeed/__init__.py", line 25, in <module>
    from . import ops
  File "/pfs/data6/home/tu/tu_tu/tu_zxoqp65/work/CICL-Humour-Generation-HB/src/.venv/lib/python3.14/site-packages/deepspeed/ops/__init__.py", line 15, in <module>
    from ..git_version_info import compatible_ops as __compatible_ops__
  File "/pfs/data6/home/tu/tu_tu/tu_zxoqp65/work/CICL-Humour-Generation-HB/src/.venv/lib/python3.14/site-packages/deepspeed/git_version_info.py", line 29, in <module>
    op_compatible = builder.is_compatible()
  File "/pfs/data6/home/tu/tu_tu/tu_zxoqp65/work/CICL-Humour-Generation-HB/src/.venv/lib/python3.14/site-packages/deepspeed/ops/op_builder/fp_quantizer.py", line 35, in is_compatible
    sys_cuda_major, _ = installed_cuda_version()
                        ~~~~~~~~~~~~~~~~~~~~~~^^
  File "/pfs/data6/home/tu/tu_tu/tu_zxoqp65/work/CICL-Humour-Generation-HB/src/.venv/lib/python3.14/site-packages/deepspeed/ops/op_builder/builder.py", line 51, in installed_cuda_version
    raise MissingCUDAException("CUDA_HOME does not exist, unable to compile CUDA op(s)")
deepspeed.ops.op_builder.builder.MissingCUDAException: CUDA_HOME does not exist, unable to compile CUDA op(s)
